<html>
<head>
<title>TestNG:  Regression Test</title>
<link href="../testng.css" rel="stylesheet" type="text/css" />
<link href="../my-testng.css" rel="stylesheet" type="text/css" />

<style type="text/css">
.log { display: none;} 
.stack-trace { display: none;} 
</style>
<script type="text/javascript">
<!--
function flip(e) {
  current = e.style.display;
  if (current == 'block') {
    e.style.display = 'none';
    return 0;
  }
  else {
    e.style.display = 'block';
    return 1;
  }
}

function toggleBox(szDivId, elem, msg1, msg2)
{
  var res = -1;  if (document.getElementById) {
    res = flip(document.getElementById(szDivId));
  }
  else if (document.all) {
    // this is the way old msie versions work
    res = flip(document.all[szDivId]);
  }
  if(elem) {
    if(res == 0) elem.innerHTML = msg1; else elem.innerHTML = msg2;
  }

}

function toggleAllBoxes() {
  if (document.getElementsByTagName) {
    d = document.getElementsByTagName('div');
    for (i = 0; i < d.length; i++) {
      if (d[i].className == 'log') {
        flip(d[i]);
      }
    }
  }
}

// -->
</script>

</head>
<body>
<h2 align='center'>Regression Test</h2><table border='1' align="center">
<tr>
<td>Tests passed/Failed/Skipped:</td><td>40/3/0</td>
</tr><tr>
<td>Started on:</td><td>Sun Apr 16 16:29:05 EDT 2017</td>
</tr>
<tr><td>Total time:</td><td>78 seconds (78323 ms)</td>
</tr><tr>
<td>Included groups:</td><td></td>
</tr><tr>
<td>Excluded groups:</td><td></td>
</tr>
</table><p/>
<small><i>(Hover the method name to see the test class name)</i></small><p/>
<table width='100%' border='1' class='invocation-failed'>
<tr><td colspan='4' align='center'><b>FAILED TESTS</b></td></tr>
<tr><td><b>Test method</b></td>
<td width="30%"><b>Exception</b></td>
<td width="10%"><b>Time (seconds)</b></td>
<td><b>Instance</b></td>
</tr>
<tr>
<td title='tests.TestRegisterFeature.testDateOfBirthWithFutureDate()'><b>testDateOfBirthWithFutureDate</b><br>Test class: tests.TestRegisterFeature</td>
<td><div><pre>java.lang.AssertionError: expected [Invalid DateOfBirth] but found [*]
	at org.testng.Assert.fail(Assert.java:94)
	at org.testng.Assert.failNotEquals(Assert.java:513)
	at org.testng.Assert.assertEqualsImpl(Assert.java:135)
	at org.testng.Assert.assertEquals(Assert.java:116)
	at org.testng.Assert.assertEquals(Assert.java:190)
	at org.testng.Assert.assertEquals(Assert.java:200)
	at tests.TestRegisterFeature.testDateOfBirthWithFutureDate(TestRegisterFeature.java:150)
	at sun.reflect.NativeMethodAccessorImpl.invoke0(Native Method)
	at sun.reflect.NativeMethodAccessorImpl.invoke(NativeMethodAccessorImpl.java:57)
	at sun.reflect.DelegatingMethodAccessorImpl.invoke(DelegatingMethodAccessorImpl.java:43)
	at java.lang.reflect.Method.invoke(Method.java:606)
	at org.testng.internal.MethodInvocationHelper.invokeMethod(MethodInvocationHelper.java:86)
	at org.testng.internal.Invoker.invokeMethod(Invoker.java:643)
	at org.testng.internal.Invoker.invokeTestMethod(Invoker.java:820)
	at org.testng.internal.Invoker.invokeTestMethods(Invoker.java:1128)
	at org.testng.internal.TestMethodWorker.invokeTestMethods(TestMethodWorker.java:129)
	at org.testng.internal.TestMethodWorker.run(TestMethodWorker.java:112)
	at org.testng.TestRunner.privateRun(TestRunner.java:782)
	at org.testng.TestRunner.run(TestRunner.java:632)
	at org.testng.SuiteRunner.runTest(SuiteRunner.java:366)
	at org.testng.SuiteRunner.runSequentially(SuiteRunner.java:361)
	at org.testng.SuiteRunner.privateRun(SuiteRunner.java:319)
	at org.testng.SuiteRunner.run(SuiteRunner.java:268)
	at org.testng.SuiteRunnerWorker.runSuite(SuiteRunnerWorker.java:52)
	at org.testng.SuiteRunnerWorker.run(SuiteRunnerWorker.java:86)
	at org.testng.TestNG.runSuitesSequentially(TestNG.java:1244)
	at org.testng.TestNG.runSuitesLocally(TestNG.java:1169)
	at org.testng.TestNG.run(TestNG.java:1064)
	at org.testng.remote.AbstractRemoteTestNG.run(AbstractRemoteTestNG.java:126)
	at org.testng.remote.RemoteTestNG.initAndRun(RemoteTestNG.java:137)
	at org.testng.remote.RemoteTestNG.main(RemoteTestNG.java:58)
</pre></div><a href='#' onClick='toggleBox("stack-trace1111590895", this, "Click to show all stack frames", "Click to hide stack frames")'>Click to show all stack frames</a>
<div class='stack-trace' id='stack-trace1111590895'><pre>java.lang.AssertionError: expected [Invalid DateOfBirth] but found [*]
	at org.testng.Assert.fail(Assert.java:94)
	at org.testng.Assert.failNotEquals(Assert.java:513)
	at org.testng.Assert.assertEqualsImpl(Assert.java:135)
	at org.testng.Assert.assertEquals(Assert.java:116)
	at org.testng.Assert.assertEquals(Assert.java:190)
	at org.testng.Assert.assertEquals(Assert.java:200)
	at tests.TestRegisterFeature.testDateOfBirthWithFutureDate(TestRegisterFeature.java:150)
	at sun.reflect.NativeMethodAccessorImpl.invoke0(Native Method)
	at sun.reflect.NativeMethodAccessorImpl.invoke(NativeMethodAccessorImpl.java:57)
	at sun.reflect.DelegatingMethodAccessorImpl.invoke(DelegatingMethodAccessorImpl.java:43)
	at java.lang.reflect.Method.invoke(Method.java:606)
	at org.testng.internal.MethodInvocationHelper.invokeMethod(MethodInvocationHelper.java:86)
	at org.testng.internal.Invoker.invokeMethod(Invoker.java:643)
	at org.testng.internal.Invoker.invokeTestMethod(Invoker.java:820)
	at org.testng.internal.Invoker.invokeTestMethods(Invoker.java:1128)
	at org.testng.internal.TestMethodWorker.invokeTestMethods(TestMethodWorker.java:129)
	at org.testng.internal.TestMethodWorker.run(TestMethodWorker.java:112)
	at org.testng.TestRunner.privateRun(TestRunner.java:782)
	at org.testng.TestRunner.run(TestRunner.java:632)
	at org.testng.SuiteRunner.runTest(SuiteRunner.java:366)
	at org.testng.SuiteRunner.runSequentially(SuiteRunner.java:361)
	at org.testng.SuiteRunner.privateRun(SuiteRunner.java:319)
	at org.testng.SuiteRunner.run(SuiteRunner.java:268)
	at org.testng.SuiteRunnerWorker.runSuite(SuiteRunnerWorker.java:52)
	at org.testng.SuiteRunnerWorker.run(SuiteRunnerWorker.java:86)
	at org.testng.TestNG.runSuitesSequentially(TestNG.java:1244)
	at org.testng.TestNG.runSuitesLocally(TestNG.java:1169)
	at org.testng.TestNG.run(TestNG.java:1064)
	at org.testng.remote.AbstractRemoteTestNG.run(AbstractRemoteTestNG.java:126)
	at org.testng.remote.RemoteTestNG.initAndRun(RemoteTestNG.java:137)
	at org.testng.remote.RemoteTestNG.main(RemoteTestNG.java:58)
</pre></div></td>
<td>1</td>
<td>tests.TestRegisterFeature@6eec8b11</td></tr>
<tr>
<td title='tests.TestRegisterFeature.testFirstNameWithNumericData()'><b>testFirstNameWithNumericData</b><br>Test class: tests.TestRegisterFeature</td>
<td><div><pre>java.lang.AssertionError: expected [FirstName must be String] but found [*]
	at org.testng.Assert.fail(Assert.java:94)
	at org.testng.Assert.failNotEquals(Assert.java:513)
	at org.testng.Assert.assertEqualsImpl(Assert.java:135)
	at org.testng.Assert.assertEquals(Assert.java:116)
	at org.testng.Assert.assertEquals(Assert.java:190)
	at org.testng.Assert.assertEquals(Assert.java:200)
	at tests.TestRegisterFeature.testFirstNameWithNumericData(TestRegisterFeature.java:66)
	at sun.reflect.NativeMethodAccessorImpl.invoke0(Native Method)
	at sun.reflect.NativeMethodAccessorImpl.invoke(NativeMethodAccessorImpl.java:57)
	at sun.reflect.DelegatingMethodAccessorImpl.invoke(DelegatingMethodAccessorImpl.java:43)
	at java.lang.reflect.Method.invoke(Method.java:606)
	at org.testng.internal.MethodInvocationHelper.invokeMethod(MethodInvocationHelper.java:86)
	at org.testng.internal.Invoker.invokeMethod(Invoker.java:643)
	at org.testng.internal.Invoker.invokeTestMethod(Invoker.java:820)
	at org.testng.internal.Invoker.invokeTestMethods(Invoker.java:1128)
	at org.testng.internal.TestMethodWorker.invokeTestMethods(TestMethodWorker.java:129)
	at org.testng.internal.TestMethodWorker.run(TestMethodWorker.java:112)
	at org.testng.TestRunner.privateRun(TestRunner.java:782)
	at org.testng.TestRunner.run(TestRunner.java:632)
	at org.testng.SuiteRunner.runTest(SuiteRunner.java:366)
	at org.testng.SuiteRunner.runSequentially(SuiteRunner.java:361)
	at org.testng.SuiteRunner.privateRun(SuiteRunner.java:319)
	at org.testng.SuiteRunner.run(SuiteRunner.java:268)
	at org.testng.SuiteRunnerWorker.runSuite(SuiteRunnerWorker.java:52)
	at org.testng.SuiteRunnerWorker.run(SuiteRunnerWorker.java:86)
	at org.testng.TestNG.runSuitesSequentially(TestNG.java:1244)
	at org.testng.TestNG.runSuitesLocally(TestNG.java:1169)
	at org.testng.TestNG.run(TestNG.java:1064)
	at org.testng.remote.AbstractRemoteTestNG.run(AbstractRemoteTestNG.java:126)
	at org.testng.remote.RemoteTestNG.initAndRun(RemoteTestNG.java:137)
	at org.testng.remote.RemoteTestNG.main(RemoteTestNG.java:58)
</pre></div><a href='#' onClick='toggleBox("stack-trace541060826", this, "Click to show all stack frames", "Click to hide stack frames")'>Click to show all stack frames</a>
<div class='stack-trace' id='stack-trace541060826'><pre>java.lang.AssertionError: expected [FirstName must be String] but found [*]
	at org.testng.Assert.fail(Assert.java:94)
	at org.testng.Assert.failNotEquals(Assert.java:513)
	at org.testng.Assert.assertEqualsImpl(Assert.java:135)
	at org.testng.Assert.assertEquals(Assert.java:116)
	at org.testng.Assert.assertEquals(Assert.java:190)
	at org.testng.Assert.assertEquals(Assert.java:200)
	at tests.TestRegisterFeature.testFirstNameWithNumericData(TestRegisterFeature.java:66)
	at sun.reflect.NativeMethodAccessorImpl.invoke0(Native Method)
	at sun.reflect.NativeMethodAccessorImpl.invoke(NativeMethodAccessorImpl.java:57)
	at sun.reflect.DelegatingMethodAccessorImpl.invoke(DelegatingMethodAccessorImpl.java:43)
	at java.lang.reflect.Method.invoke(Method.java:606)
	at org.testng.internal.MethodInvocationHelper.invokeMethod(MethodInvocationHelper.java:86)
	at org.testng.internal.Invoker.invokeMethod(Invoker.java:643)
	at org.testng.internal.Invoker.invokeTestMethod(Invoker.java:820)
	at org.testng.internal.Invoker.invokeTestMethods(Invoker.java:1128)
	at org.testng.internal.TestMethodWorker.invokeTestMethods(TestMethodWorker.java:129)
	at org.testng.internal.TestMethodWorker.run(TestMethodWorker.java:112)
	at org.testng.TestRunner.privateRun(TestRunner.java:782)
	at org.testng.TestRunner.run(TestRunner.java:632)
	at org.testng.SuiteRunner.runTest(SuiteRunner.java:366)
	at org.testng.SuiteRunner.runSequentially(SuiteRunner.java:361)
	at org.testng.SuiteRunner.privateRun(SuiteRunner.java:319)
	at org.testng.SuiteRunner.run(SuiteRunner.java:268)
	at org.testng.SuiteRunnerWorker.runSuite(SuiteRunnerWorker.java:52)
	at org.testng.SuiteRunnerWorker.run(SuiteRunnerWorker.java:86)
	at org.testng.TestNG.runSuitesSequentially(TestNG.java:1244)
	at org.testng.TestNG.runSuitesLocally(TestNG.java:1169)
	at org.testng.TestNG.run(TestNG.java:1064)
	at org.testng.remote.AbstractRemoteTestNG.run(AbstractRemoteTestNG.java:126)
	at org.testng.remote.RemoteTestNG.initAndRun(RemoteTestNG.java:137)
	at org.testng.remote.RemoteTestNG.main(RemoteTestNG.java:58)
</pre></div></td>
<td>1</td>
<td>tests.TestRegisterFeature@6eec8b11</td></tr>
<tr>
<td title='tests.TestRegisterFeature.testLastNameWithNumericData()'><b>testLastNameWithNumericData</b><br>Test class: tests.TestRegisterFeature</td>
<td><div><pre>java.lang.AssertionError: expected [LastName must be String] but found [*]
	at org.testng.Assert.fail(Assert.java:94)
	at org.testng.Assert.failNotEquals(Assert.java:513)
	at org.testng.Assert.assertEqualsImpl(Assert.java:135)
	at org.testng.Assert.assertEquals(Assert.java:116)
	at org.testng.Assert.assertEquals(Assert.java:190)
	at org.testng.Assert.assertEquals(Assert.java:200)
	at tests.TestRegisterFeature.testLastNameWithNumericData(TestRegisterFeature.java:118)
	at sun.reflect.NativeMethodAccessorImpl.invoke0(Native Method)
	at sun.reflect.NativeMethodAccessorImpl.invoke(NativeMethodAccessorImpl.java:57)
	at sun.reflect.DelegatingMethodAccessorImpl.invoke(DelegatingMethodAccessorImpl.java:43)
	at java.lang.reflect.Method.invoke(Method.java:606)
	at org.testng.internal.MethodInvocationHelper.invokeMethod(MethodInvocationHelper.java:86)
	at org.testng.internal.Invoker.invokeMethod(Invoker.java:643)
	at org.testng.internal.Invoker.invokeTestMethod(Invoker.java:820)
	at org.testng.internal.Invoker.invokeTestMethods(Invoker.java:1128)
	at org.testng.internal.TestMethodWorker.invokeTestMethods(TestMethodWorker.java:129)
	at org.testng.internal.TestMethodWorker.run(TestMethodWorker.java:112)
	at org.testng.TestRunner.privateRun(TestRunner.java:782)
	at org.testng.TestRunner.run(TestRunner.java:632)
	at org.testng.SuiteRunner.runTest(SuiteRunner.java:366)
	at org.testng.SuiteRunner.runSequentially(SuiteRunner.java:361)
	at org.testng.SuiteRunner.privateRun(SuiteRunner.java:319)
	at org.testng.SuiteRunner.run(SuiteRunner.java:268)
	at org.testng.SuiteRunnerWorker.runSuite(SuiteRunnerWorker.java:52)
	at org.testng.SuiteRunnerWorker.run(SuiteRunnerWorker.java:86)
	at org.testng.TestNG.runSuitesSequentially(TestNG.java:1244)
	at org.testng.TestNG.runSuitesLocally(TestNG.java:1169)
	at org.testng.TestNG.run(TestNG.java:1064)
	at org.testng.remote.AbstractRemoteTestNG.run(AbstractRemoteTestNG.java:126)
	at org.testng.remote.RemoteTestNG.initAndRun(RemoteTestNG.java:137)
	at org.testng.remote.RemoteTestNG.main(RemoteTestNG.java:58)
</pre></div><a href='#' onClick='toggleBox("stack-trace1932947143", this, "Click to show all stack frames", "Click to hide stack frames")'>Click to show all stack frames</a>
<div class='stack-trace' id='stack-trace1932947143'><pre>java.lang.AssertionError: expected [LastName must be String] but found [*]
	at org.testng.Assert.fail(Assert.java:94)
	at org.testng.Assert.failNotEquals(Assert.java:513)
	at org.testng.Assert.assertEqualsImpl(Assert.java:135)
	at org.testng.Assert.assertEquals(Assert.java:116)
	at org.testng.Assert.assertEquals(Assert.java:190)
	at org.testng.Assert.assertEquals(Assert.java:200)
	at tests.TestRegisterFeature.testLastNameWithNumericData(TestRegisterFeature.java:118)
	at sun.reflect.NativeMethodAccessorImpl.invoke0(Native Method)
	at sun.reflect.NativeMethodAccessorImpl.invoke(NativeMethodAccessorImpl.java:57)
	at sun.reflect.DelegatingMethodAccessorImpl.invoke(DelegatingMethodAccessorImpl.java:43)
	at java.lang.reflect.Method.invoke(Method.java:606)
	at org.testng.internal.MethodInvocationHelper.invokeMethod(MethodInvocationHelper.java:86)
	at org.testng.internal.Invoker.invokeMethod(Invoker.java:643)
	at org.testng.internal.Invoker.invokeTestMethod(Invoker.java:820)
	at org.testng.internal.Invoker.invokeTestMethods(Invoker.java:1128)
	at org.testng.internal.TestMethodWorker.invokeTestMethods(TestMethodWorker.java:129)
	at org.testng.internal.TestMethodWorker.run(TestMethodWorker.java:112)
	at org.testng.TestRunner.privateRun(TestRunner.java:782)
	at org.testng.TestRunner.run(TestRunner.java:632)
	at org.testng.SuiteRunner.runTest(SuiteRunner.java:366)
	at org.testng.SuiteRunner.runSequentially(SuiteRunner.java:361)
	at org.testng.SuiteRunner.privateRun(SuiteRunner.java:319)
	at org.testng.SuiteRunner.run(SuiteRunner.java:268)
	at org.testng.SuiteRunnerWorker.runSuite(SuiteRunnerWorker.java:52)
	at org.testng.SuiteRunnerWorker.run(SuiteRunnerWorker.java:86)
	at org.testng.TestNG.runSuitesSequentially(TestNG.java:1244)
	at org.testng.TestNG.runSuitesLocally(TestNG.java:1169)
	at org.testng.TestNG.run(TestNG.java:1064)
	at org.testng.remote.AbstractRemoteTestNG.run(AbstractRemoteTestNG.java:126)
	at org.testng.remote.RemoteTestNG.initAndRun(RemoteTestNG.java:137)
	at org.testng.remote.RemoteTestNG.main(RemoteTestNG.java:58)
</pre></div></td>
<td>1</td>
<td>tests.TestRegisterFeature@6eec8b11</td></tr>
</table><p>
<table width='100%' border='1' class='invocation-passed'>
<tr><td colspan='4' align='center'><b>PASSED TESTS</b></td></tr>
<tr><td><b>Test method</b></td>
<td width="30%"><b>Exception</b></td>
<td width="10%"><b>Time (seconds)</b></td>
<td><b>Instance</b></td>
</tr>
<tr>
<td title='tests.TestRegisterFeature.testCaptchaImageWithEmpty()'><b>testCaptchaImageWithEmpty</b><br>Test class: tests.TestRegisterFeature</td>
<td></td>
<td>1</td>
<td>tests.TestRegisterFeature@6eec8b11</td></tr>
<tr>
<td title='tests.TestRegisterFeature.testCaptchaImageWithInvalidInput()'><b>testCaptchaImageWithInvalidInput</b><br>Test class: tests.TestRegisterFeature</td>
<td></td>
<td>1</td>
<td>tests.TestRegisterFeature@6eec8b11</td></tr>
<tr>
<td title='tests.TestRegisterFeature.testConfirmPasswordWithEmptyPassword()'><b>testConfirmPasswordWithEmptyPassword</b><br>Test class: tests.TestRegisterFeature</td>
<td></td>
<td>3</td>
<td>tests.TestRegisterFeature@6eec8b11</td></tr>
<tr>
<td title='tests.TestRegisterFeature.testConfirmPasswordWithInvalidPassword()'><b>testConfirmPasswordWithInvalidPassword</b><br>Test class: tests.TestRegisterFeature</td>
<td></td>
<td>2</td>
<td>tests.TestRegisterFeature@6eec8b11</td></tr>
<tr>
<td title='tests.TestRegisterFeature.testDateOfBirthWithNoDate()'><b>testDateOfBirthWithNoDate</b><br>Test class: tests.TestRegisterFeature</td>
<td></td>
<td>1</td>
<td>tests.TestRegisterFeature@6eec8b11</td></tr>
<tr>
<td title='tests.TestRegisterFeature.testEmailWithEmptyEmailField()'><b>testEmailWithEmptyEmailField</b><br>Test class: tests.TestRegisterFeature</td>
<td></td>
<td>1</td>
<td>tests.TestRegisterFeature@6eec8b11</td></tr>
<tr>
<td title='tests.TestRegisterFeature.testEmailWithInvalidEmail()'><b>testEmailWithInvalidEmail</b><br>Test class: tests.TestRegisterFeature</td>
<td></td>
<td>1</td>
<td>tests.TestRegisterFeature@6eec8b11</td></tr>
<tr>
<td title='tests.TestRegisterFeature.testFirstNameWithEmptyField()'><b>testFirstNameWithEmptyField</b><br>Test class: tests.TestRegisterFeature</td>
<td></td>
<td>1</td>
<td>tests.TestRegisterFeature@6eec8b11</td></tr>
<tr>
<td title='tests.TestRegisterFeature.testFirstNameWithThirtyCharacter()'><b>testFirstNameWithThirtyCharacter</b><br>Test class: tests.TestRegisterFeature</td>
<td></td>
<td>1</td>
<td>tests.TestRegisterFeature@6eec8b11</td></tr>
<tr>
<td title='tests.TestRegisterFeature.testFirstNameWithThirtyOneCharacter()'><b>testFirstNameWithThirtyOneCharacter</b><br>Test class: tests.TestRegisterFeature</td>
<td></td>
<td>1</td>
<td>tests.TestRegisterFeature@6eec8b11</td></tr>
<tr>
<td title='tests.TestRegisterFeature.testFirstNameWithTwoCharacter()'><b>testFirstNameWithTwoCharacter</b><br>Test class: tests.TestRegisterFeature</td>
<td></td>
<td>1</td>
<td>tests.TestRegisterFeature@6eec8b11</td></tr>
<tr>
<td title='tests.TestRegisterFeature.testGenderWithRanddomOption()'><b>testGenderWithRanddomOption</b><br>Test class: tests.TestRegisterFeature</td>
<td></td>
<td>1</td>
<td>tests.TestRegisterFeature@6eec8b11</td></tr>
<tr>
<td title='tests.TestRegisterFeature.testGenderWithoutSelectedOption()'><b>testGenderWithoutSelectedOption</b><br>Test class: tests.TestRegisterFeature</td>
<td></td>
<td>1</td>
<td>tests.TestRegisterFeature@6eec8b11</td></tr>
<tr>
<td title='tests.TestJobSearchFeature.testJobSearchWithRandomlySelectedJobCategory()'><b>testJobSearchWithRandomlySelectedJobCategory</b><br>Test class: tests.TestJobSearchFeature</td>
<td></td>
<td>2</td>
<td>tests.TestJobSearchFeature@5081a2e1</td></tr>
<tr>
<td title='tests.TestJobSearchFeature.testJobSearchWithoutSelectingJobCategory()'><b>testJobSearchWithoutSelectingJobCategory</b><br>Test class: tests.TestJobSearchFeature</td>
<td></td>
<td>2</td>
<td>tests.TestJobSearchFeature@5081a2e1</td></tr>
<tr>
<td title='tests.TestRegisterFeature.testLastNameWithEmptyField()'><b>testLastNameWithEmptyField</b><br>Test class: tests.TestRegisterFeature</td>
<td></td>
<td>1</td>
<td>tests.TestRegisterFeature@6eec8b11</td></tr>
<tr>
<td title='tests.TestRegisterFeature.testLastNameWithOneCharacter()'><b>testLastNameWithOneCharacter</b><br>Test class: tests.TestRegisterFeature</td>
<td></td>
<td>1</td>
<td>tests.TestRegisterFeature@6eec8b11</td></tr>
<tr>
<td title='tests.TestRegisterFeature.testLastNameWithThirtyCharacter()'><b>testLastNameWithThirtyCharacter</b><br>Test class: tests.TestRegisterFeature</td>
<td></td>
<td>1</td>
<td>tests.TestRegisterFeature@6eec8b11</td></tr>
<tr>
<td title='tests.TestRegisterFeature.testLastNameWithThirtyOneCharacter()'><b>testLastNameWithThirtyOneCharacter</b><br>Test class: tests.TestRegisterFeature</td>
<td></td>
<td>1</td>
<td>tests.TestRegisterFeature@6eec8b11</td></tr>
<tr>
<td title='tests.TestRegisterFeature.testLastNameWithTwoCharacter()'><b>testLastNameWithTwoCharacter</b><br>Test class: tests.TestRegisterFeature</td>
<td></td>
<td>1</td>
<td>tests.TestRegisterFeature@6eec8b11</td></tr>
<tr>
<td title='tests.TestRegisterFeature.testPasswordWithEmptyPassword()'><b>testPasswordWithEmptyPassword</b><br>Test class: tests.TestRegisterFeature</td>
<td></td>
<td>1</td>
<td>tests.TestRegisterFeature@6eec8b11</td></tr>
<tr>
<td title='tests.TestRegisterFeature.testPasswordWithFiveCharacter()'><b>testPasswordWithFiveCharacter</b><br>Test class: tests.TestRegisterFeature</td>
<td></td>
<td>1</td>
<td>tests.TestRegisterFeature@6eec8b11</td></tr>
<tr>
<td title='tests.TestRegisterFeature.testPasswordWithInvalidPassword()'><b>testPasswordWithInvalidPassword</b><br>Test class: tests.TestRegisterFeature</td>
<td></td>
<td>1</td>
<td>tests.TestRegisterFeature@6eec8b11</td></tr>
<tr>
<td title='tests.TestRegisterFeature.testPasswordWithSixDigitNumber()'><b>testPasswordWithSixDigitNumber</b><br>Test class: tests.TestRegisterFeature</td>
<td></td>
<td>1</td>
<td>tests.TestRegisterFeature@6eec8b11</td></tr>
<tr>
<td title='tests.TestRegisterFeature.testPasswordWithTwentyDigitNumber()'><b>testPasswordWithTwentyDigitNumber</b><br>Test class: tests.TestRegisterFeature</td>
<td></td>
<td>1</td>
<td>tests.TestRegisterFeature@6eec8b11</td></tr>
<tr>
<td title='tests.TestRegisterFeature.testPasswordWithTwentyOneCharacter()'><b>testPasswordWithTwentyOneCharacter</b><br>Test class: tests.TestRegisterFeature</td>
<td></td>
<td>1</td>
<td>tests.TestRegisterFeature@6eec8b11</td></tr>
<tr>
<td title='tests.TestRegisterFeature.testPhoneNoWithEmptyField()'><b>testPhoneNoWithEmptyField</b><br>Test class: tests.TestRegisterFeature</td>
<td></td>
<td>1</td>
<td>tests.TestRegisterFeature@6eec8b11</td></tr>
<tr>
<td title='tests.TestRegisterFeature.testPhoneNoWithThirtyOneDigitNumber()'><b>testPhoneNoWithThirtyOneDigitNumber</b><br>Test class: tests.TestRegisterFeature</td>
<td></td>
<td>1</td>
<td>tests.TestRegisterFeature@6eec8b11</td></tr>
<tr>
<td title='tests.TestRegisterFeature.testPhoneNoWithTwoDigitNumber()'><b>testPhoneNoWithTwoDigitNumber</b><br>Test class: tests.TestRegisterFeature</td>
<td></td>
<td>1</td>
<td>tests.TestRegisterFeature@6eec8b11</td></tr>
<tr>
<td title='tests.TestRegisterFeature.testPrivacyPolicyWithEmpty()'><b>testPrivacyPolicyWithEmpty</b><br>Test class: tests.TestRegisterFeature</td>
<td></td>
<td>1</td>
<td>tests.TestRegisterFeature@6eec8b11</td></tr>
<tr>
<td title='tests.TestRegisterFeature.testUserTypeWithoutSelectedOption()'><b>testUserTypeWithoutSelectedOption</b><br>Test class: tests.TestRegisterFeature</td>
<td></td>
<td>2</td>
<td>tests.TestRegisterFeature@6eec8b11</td></tr>
<tr>
<td title='tests.TestRegisterFeature.testValidDateOfBirth()'><b>testValidDateOfBirth</b><br>Test class: tests.TestRegisterFeature</td>
<td></td>
<td>1</td>
<td>tests.TestRegisterFeature@6eec8b11</td></tr>
<tr>
<td title='tests.TestSigninFeature.testValidEmailAndValidPassword()'><b>testValidEmailAndValidPassword</b><br>Test class: tests.TestSigninFeature</td>
<td></td>
<td>3</td>
<td>tests.TestSigninFeature@6b9e41fb</td></tr>
<tr>
<td title='tests.TestSigninFeature.testWithEmptyEmailAndEmptyPassword()'><b>testWithEmptyEmailAndEmptyPassword</b><br>Test class: tests.TestSigninFeature</td>
<td></td>
<td>1</td>
<td>tests.TestSigninFeature@6b9e41fb</td></tr>
<tr>
<td title='tests.TestSigninFeature.testWithEmptyEmailAndValidPassword()'><b>testWithEmptyEmailAndValidPassword</b><br>Test class: tests.TestSigninFeature</td>
<td></td>
<td>1</td>
<td>tests.TestSigninFeature@6b9e41fb</td></tr>
<tr>
<td title='tests.TestRegisterFeature.testWithFirstNameOneCharacter()'><b>testWithFirstNameOneCharacter</b><br>Test class: tests.TestRegisterFeature</td>
<td></td>
<td>1</td>
<td>tests.TestRegisterFeature@6eec8b11</td></tr>
<tr>
<td title='tests.TestSigninFeature.testWithInValidEmailAndInvalidPassword()'><b>testWithInValidEmailAndInvalidPassword</b><br>Test class: tests.TestSigninFeature</td>
<td></td>
<td>1</td>
<td>tests.TestSigninFeature@6b9e41fb</td></tr>
<tr>
<td title='tests.TestSigninFeature.testWithInvalidEmailAndValidPassword()'><b>testWithInvalidEmailAndValidPassword</b><br>Test class: tests.TestSigninFeature</td>
<td></td>
<td>1</td>
<td>tests.TestSigninFeature@6b9e41fb</td></tr>
<tr>
<td title='tests.TestSigninFeature.testWithValidEmailAndEmptyPassword()'><b>testWithValidEmailAndEmptyPassword</b><br>Test class: tests.TestSigninFeature</td>
<td></td>
<td>1</td>
<td>tests.TestSigninFeature@6b9e41fb</td></tr>
<tr>
<td title='tests.TestSigninFeature.testWithValidEmailAndInvalidPassword()'><b>testWithValidEmailAndInvalidPassword</b><br>Test class: tests.TestSigninFeature</td>
<td></td>
<td>1</td>
<td>tests.TestSigninFeature@6b9e41fb</td></tr>
</table><p>
</body>
</html>