<?xml version="1.0" encoding="UTF-8"?>
<testng-results skipped="0" failed="1" total="1" passed="0">
  <reporter-output>
  </reporter-output>
  <suite name="Default suite" duration-ms="54669" started-at="2017-04-18T02:23:21Z" finished-at="2017-04-18T02:24:16Z">
    <groups>
    </groups>
    <test name="Default test" duration-ms="54669" started-at="2017-04-18T02:23:21Z" finished-at="2017-04-18T02:24:16Z">
      <class name="tests.TestJobSearchFeature">
        <test-method status="PASS" signature="setUp()[pri:0, instance:tests.TestJobSearchFeature@5f9caedd]" name="setUp" is-config="true" duration-ms="9821" started-at="2017-04-17T22:23:11Z" finished-at="2017-04-17T22:23:21Z">
          <reporter-output>
          </reporter-output>
        </test-method> <!-- setUp -->
        <test-method status="PASS" signature="classSetUp()[pri:0, instance:tests.TestJobSearchFeature@5f9caedd]" name="classSetUp" is-config="true" duration-ms="8525" started-at="2017-04-17T22:23:22Z" finished-at="2017-04-17T22:23:30Z">
          <reporter-output>
          </reporter-output>
        </test-method> <!-- classSetUp -->
        <test-method status="FAIL" signature="testJobSearchWithRandomlySelectedJobCategory()[pri:0, instance:tests.TestJobSearchFeature@5f9caedd]" name="testJobSearchWithRandomlySelectedJobCategory" duration-ms="27240" started-at="2017-04-17T22:23:30Z" finished-at="2017-04-17T22:23:58Z">
          <exception class="java.lang.AssertionError">
            <message>
              <![CDATA[expected [true] but found [false]]]>
            </message>
            <full-stacktrace>
              <![CDATA[java.lang.AssertionError: expected [true] but found [false]
	at org.testng.Assert.fail(Assert.java:94)
	at org.testng.Assert.failNotEquals(Assert.java:513)
	at org.testng.Assert.assertTrue(Assert.java:42)
	at org.testng.Assert.assertTrue(Assert.java:52)
	at tests.TestJobSearchFeature.testJobSearchWithRandomlySelectedJobCategory(TestJobSearchFeature.java:48)
	at sun.reflect.NativeMethodAccessorImpl.invoke0(Native Method)
	at sun.reflect.NativeMethodAccessorImpl.invoke(NativeMethodAccessorImpl.java:57)
	at sun.reflect.DelegatingMethodAccessorImpl.invoke(DelegatingMethodAccessorImpl.java:43)
	at java.lang.reflect.Method.invoke(Method.java:606)
	at org.testng.internal.MethodInvocationHelper.invokeMethod(MethodInvocationHelper.java:86)
	at org.testng.internal.Invoker.invokeMethod(Invoker.java:643)
	at org.testng.internal.Invoker.invokeTestMethod(Invoker.java:820)
	at org.testng.internal.Invoker.invokeTestMethods(Invoker.java:1128)
	at org.testng.internal.TestMethodWorker.invokeTestMethods(TestMethodWorker.java:129)
	at org.testng.internal.TestMethodWorker.run(TestMethodWorker.java:112)
	at org.testng.TestRunner.privateRun(TestRunner.java:782)
	at org.testng.TestRunner.run(TestRunner.java:632)
	at org.testng.SuiteRunner.runTest(SuiteRunner.java:366)
	at org.testng.SuiteRunner.runSequentially(SuiteRunner.java:361)
	at org.testng.SuiteRunner.privateRun(SuiteRunner.java:319)
	at org.testng.SuiteRunner.run(SuiteRunner.java:268)
	at org.testng.SuiteRunnerWorker.runSuite(SuiteRunnerWorker.java:52)
	at org.testng.SuiteRunnerWorker.run(SuiteRunnerWorker.java:86)
	at org.testng.TestNG.runSuitesSequentially(TestNG.java:1244)
	at org.testng.TestNG.runSuitesLocally(TestNG.java:1169)
	at org.testng.TestNG.run(TestNG.java:1064)
	at org.testng.remote.AbstractRemoteTestNG.run(AbstractRemoteTestNG.java:126)
	at org.testng.remote.RemoteTestNG.initAndRun(RemoteTestNG.java:137)
	at org.testng.remote.RemoteTestNG.main(RemoteTestNG.java:58)
]]>
            </full-stacktrace>
          </exception> <!-- java.lang.AssertionError -->
          <reporter-output>
          </reporter-output>
        </test-method> <!-- testJobSearchWithRandomlySelectedJobCategory -->
        <test-method status="PASS" signature="classTearDown()[pri:0, instance:tests.TestJobSearchFeature@5f9caedd]" name="classTearDown" is-config="true" duration-ms="15777" started-at="2017-04-17T22:24:00Z" finished-at="2017-04-17T22:24:16Z">
          <reporter-output>
          </reporter-output>
        </test-method> <!-- classTearDown -->
        <test-method status="PASS" signature="tearDown()[pri:0, instance:tests.TestJobSearchFeature@5f9caedd]" name="tearDown" is-config="true" duration-ms="141" started-at="2017-04-17T22:24:16Z" finished-at="2017-04-17T22:24:16Z">
          <reporter-output>
          </reporter-output>
        </test-method> <!-- tearDown -->
      </class> <!-- tests.TestJobSearchFeature -->
    </test> <!-- Default test -->
  </suite> <!-- Default suite -->
</testng-results>
