<?xml version="1.0" encoding="UTF-8"?>
<!-- Generated by org.testng.reporters.JUnitReportReporter -->
<testsuite hostname="tasmiyahs-MBP.domain.actdsltmp" name="tests.TestRegisterFeature" tests="34" failures="3" timestamp="16 Apr 2017 20:30:24 GMT" time="48.648" errors="0">
  <testcase name="testDateOfBirthWithNoDate" time="1.127" classname="tests.TestRegisterFeature"/>
  <testcase name="testPasswordWithFiveCharacter" time="1.148" classname="tests.TestRegisterFeature"/>
  <testcase name="testWithFirstNameOneCharacter" time="1.133" classname="tests.TestRegisterFeature"/>
  <testcase name="testFirstNameWithNumericData" time="1.173" classname="tests.TestRegisterFeature">
    <failure type="java.lang.AssertionError" message="expected [FirstName must be String] but found [*]">
      <![CDATA[java.lang.AssertionError: expected [FirstName must be String] but found [*]
	at org.testng.Assert.fail(Assert.java:94)
	at org.testng.Assert.failNotEquals(Assert.java:513)
	at org.testng.Assert.assertEqualsImpl(Assert.java:135)
	at org.testng.Assert.assertEquals(Assert.java:116)
	at org.testng.Assert.assertEquals(Assert.java:190)
	at org.testng.Assert.assertEquals(Assert.java:200)
	at tests.TestRegisterFeature.testFirstNameWithNumericData(TestRegisterFeature.java:66)
	at sun.reflect.NativeMethodAccessorImpl.invoke0(Native Method)
	at sun.reflect.NativeMethodAccessorImpl.invoke(NativeMethodAccessorImpl.java:57)
	at sun.reflect.DelegatingMethodAccessorImpl.invoke(DelegatingMethodAccessorImpl.java:43)
	at java.lang.reflect.Method.invoke(Method.java:606)
	at org.testng.internal.MethodInvocationHelper.invokeMethod(MethodInvocationHelper.java:86)
	at org.testng.internal.Invoker.invokeMethod(Invoker.java:643)
	at org.testng.internal.Invoker.invokeTestMethod(Invoker.java:820)
	at org.testng.internal.Invoker.invokeTestMethods(Invoker.java:1128)
	at org.testng.internal.TestMethodWorker.invokeTestMethods(TestMethodWorker.java:129)
	at org.testng.internal.TestMethodWorker.run(TestMethodWorker.java:112)
	at org.testng.TestRunner.privateRun(TestRunner.java:782)
	at org.testng.TestRunner.run(TestRunner.java:632)
	at org.testng.SuiteRunner.runTest(SuiteRunner.java:366)
	at org.testng.SuiteRunner.runSequentially(SuiteRunner.java:361)
	at org.testng.SuiteRunner.privateRun(SuiteRunner.java:319)
	at org.testng.SuiteRunner.run(SuiteRunner.java:268)
	at org.testng.SuiteRunnerWorker.runSuite(SuiteRunnerWorker.java:52)
	at org.testng.SuiteRunnerWorker.run(SuiteRunnerWorker.java:86)
	at org.testng.TestNG.runSuitesSequentially(TestNG.java:1244)
	at org.testng.TestNG.runSuitesLocally(TestNG.java:1169)
	at org.testng.TestNG.run(TestNG.java:1064)
	at org.testng.remote.AbstractRemoteTestNG.run(AbstractRemoteTestNG.java:126)
	at org.testng.remote.RemoteTestNG.initAndRun(RemoteTestNG.java:137)
	at org.testng.remote.RemoteTestNG.main(RemoteTestNG.java:58)
]]>
    </failure>
  </testcase> <!-- testFirstNameWithNumericData -->
  <testcase name="testPhoneNoWithThirtyOneDigitNumber" time="1.239" classname="tests.TestRegisterFeature"/>
  <testcase name="testLastNameWithNumericData" time="1.208" classname="tests.TestRegisterFeature">
    <failure type="java.lang.AssertionError" message="expected [LastName must be String] but found [*]">
      <![CDATA[java.lang.AssertionError: expected [LastName must be String] but found [*]
	at org.testng.Assert.fail(Assert.java:94)
	at org.testng.Assert.failNotEquals(Assert.java:513)
	at org.testng.Assert.assertEqualsImpl(Assert.java:135)
	at org.testng.Assert.assertEquals(Assert.java:116)
	at org.testng.Assert.assertEquals(Assert.java:190)
	at org.testng.Assert.assertEquals(Assert.java:200)
	at tests.TestRegisterFeature.testLastNameWithNumericData(TestRegisterFeature.java:118)
	at sun.reflect.NativeMethodAccessorImpl.invoke0(Native Method)
	at sun.reflect.NativeMethodAccessorImpl.invoke(NativeMethodAccessorImpl.java:57)
	at sun.reflect.DelegatingMethodAccessorImpl.invoke(DelegatingMethodAccessorImpl.java:43)
	at java.lang.reflect.Method.invoke(Method.java:606)
	at org.testng.internal.MethodInvocationHelper.invokeMethod(MethodInvocationHelper.java:86)
	at org.testng.internal.Invoker.invokeMethod(Invoker.java:643)
	at org.testng.internal.Invoker.invokeTestMethod(Invoker.java:820)
	at org.testng.internal.Invoker.invokeTestMethods(Invoker.java:1128)
	at org.testng.internal.TestMethodWorker.invokeTestMethods(TestMethodWorker.java:129)
	at org.testng.internal.TestMethodWorker.run(TestMethodWorker.java:112)
	at org.testng.TestRunner.privateRun(TestRunner.java:782)
	at org.testng.TestRunner.run(TestRunner.java:632)
	at org.testng.SuiteRunner.runTest(SuiteRunner.java:366)
	at org.testng.SuiteRunner.runSequentially(SuiteRunner.java:361)
	at org.testng.SuiteRunner.privateRun(SuiteRunner.java:319)
	at org.testng.SuiteRunner.run(SuiteRunner.java:268)
	at org.testng.SuiteRunnerWorker.runSuite(SuiteRunnerWorker.java:52)
	at org.testng.SuiteRunnerWorker.run(SuiteRunnerWorker.java:86)
	at org.testng.TestNG.runSuitesSequentially(TestNG.java:1244)
	at org.testng.TestNG.runSuitesLocally(TestNG.java:1169)
	at org.testng.TestNG.run(TestNG.java:1064)
	at org.testng.remote.AbstractRemoteTestNG.run(AbstractRemoteTestNG.java:126)
	at org.testng.remote.RemoteTestNG.initAndRun(RemoteTestNG.java:137)
	at org.testng.remote.RemoteTestNG.main(RemoteTestNG.java:58)
]]>
    </failure>
  </testcase> <!-- testLastNameWithNumericData -->
  <testcase name="testUserTypeWithoutSelectedOption" time="2.024" classname="tests.TestRegisterFeature"/>
  <testcase name="testPhoneNoWithEmptyField" time="1.380" classname="tests.TestRegisterFeature"/>
  <testcase name="testValidDateOfBirth" time="1.386" classname="tests.TestRegisterFeature"/>
  <testcase name="testFirstNameWithTwoCharacter" time="1.094" classname="tests.TestRegisterFeature"/>
  <testcase name="testPasswordWithInvalidPassword" time="1.237" classname="tests.TestRegisterFeature"/>
  <testcase name="testConfirmPasswordWithEmptyPassword" time="3.540" classname="tests.TestRegisterFeature"/>
  <testcase name="testGenderWithRanddomOption" time="1.163" classname="tests.TestRegisterFeature"/>
  <testcase name="testLastNameWithThirtyOneCharacter" time="1.120" classname="tests.TestRegisterFeature"/>
  <testcase name="testDateOfBirthWithFutureDate" time="1.923" classname="tests.TestRegisterFeature">
    <failure type="java.lang.AssertionError" message="expected [Invalid DateOfBirth] but found [*]">
      <![CDATA[java.lang.AssertionError: expected [Invalid DateOfBirth] but found [*]
	at org.testng.Assert.fail(Assert.java:94)
	at org.testng.Assert.failNotEquals(Assert.java:513)
	at org.testng.Assert.assertEqualsImpl(Assert.java:135)
	at org.testng.Assert.assertEquals(Assert.java:116)
	at org.testng.Assert.assertEquals(Assert.java:190)
	at org.testng.Assert.assertEquals(Assert.java:200)
	at tests.TestRegisterFeature.testDateOfBirthWithFutureDate(TestRegisterFeature.java:150)
	at sun.reflect.NativeMethodAccessorImpl.invoke0(Native Method)
	at sun.reflect.NativeMethodAccessorImpl.invoke(NativeMethodAccessorImpl.java:57)
	at sun.reflect.DelegatingMethodAccessorImpl.invoke(DelegatingMethodAccessorImpl.java:43)
	at java.lang.reflect.Method.invoke(Method.java:606)
	at org.testng.internal.MethodInvocationHelper.invokeMethod(MethodInvocationHelper.java:86)
	at org.testng.internal.Invoker.invokeMethod(Invoker.java:643)
	at org.testng.internal.Invoker.invokeTestMethod(Invoker.java:820)
	at org.testng.internal.Invoker.invokeTestMethods(Invoker.java:1128)
	at org.testng.internal.TestMethodWorker.invokeTestMethods(TestMethodWorker.java:129)
	at org.testng.internal.TestMethodWorker.run(TestMethodWorker.java:112)
	at org.testng.TestRunner.privateRun(TestRunner.java:782)
	at org.testng.TestRunner.run(TestRunner.java:632)
	at org.testng.SuiteRunner.runTest(SuiteRunner.java:366)
	at org.testng.SuiteRunner.runSequentially(SuiteRunner.java:361)
	at org.testng.SuiteRunner.privateRun(SuiteRunner.java:319)
	at org.testng.SuiteRunner.run(SuiteRunner.java:268)
	at org.testng.SuiteRunnerWorker.runSuite(SuiteRunnerWorker.java:52)
	at org.testng.SuiteRunnerWorker.run(SuiteRunnerWorker.java:86)
	at org.testng.TestNG.runSuitesSequentially(TestNG.java:1244)
	at org.testng.TestNG.runSuitesLocally(TestNG.java:1169)
	at org.testng.TestNG.run(TestNG.java:1064)
	at org.testng.remote.AbstractRemoteTestNG.run(AbstractRemoteTestNG.java:126)
	at org.testng.remote.RemoteTestNG.initAndRun(RemoteTestNG.java:137)
	at org.testng.remote.RemoteTestNG.main(RemoteTestNG.java:58)
]]>
    </failure>
  </testcase> <!-- testDateOfBirthWithFutureDate -->
  <testcase name="testPasswordWithTwentyOneCharacter" time="1.363" classname="tests.TestRegisterFeature"/>
  <testcase name="testLastNameWithOneCharacter" time="1.310" classname="tests.TestRegisterFeature"/>
  <testcase name="testLastNameWithThirtyCharacter" time="1.421" classname="tests.TestRegisterFeature"/>
  <testcase name="testLastNameWithEmptyField" time="1.096" classname="tests.TestRegisterFeature"/>
  <testcase name="testCaptchaImageWithInvalidInput" time="1.358" classname="tests.TestRegisterFeature"/>
  <testcase name="testEmailWithInvalidEmail" time="1.135" classname="tests.TestRegisterFeature"/>
  <testcase name="testPasswordWithSixDigitNumber" time="1.403" classname="tests.TestRegisterFeature"/>
  <testcase name="testPrivacyPolicyWithEmpty" time="1.173" classname="tests.TestRegisterFeature"/>
  <testcase name="testFirstNameWithThirtyOneCharacter" time="1.223" classname="tests.TestRegisterFeature"/>
  <testcase name="testPasswordWithEmptyPassword" time="1.117" classname="tests.TestRegisterFeature"/>
  <testcase name="testEmailWithEmptyEmailField" time="1.177" classname="tests.TestRegisterFeature"/>
  <testcase name="testLastNameWithTwoCharacter" time="1.277" classname="tests.TestRegisterFeature"/>
  <testcase name="testFirstNameWithThirtyCharacter" time="1.301" classname="tests.TestRegisterFeature"/>
  <testcase name="testFirstNameWithEmptyField" time="1.151" classname="tests.TestRegisterFeature"/>
  <testcase name="testPhoneNoWithTwoDigitNumber" time="1.522" classname="tests.TestRegisterFeature"/>
  <testcase name="testGenderWithoutSelectedOption" time="1.955" classname="tests.TestRegisterFeature"/>
  <testcase name="testPasswordWithTwentyDigitNumber" time="1.148" classname="tests.TestRegisterFeature"/>
  <testcase name="testConfirmPasswordWithInvalidPassword" time="2.876" classname="tests.TestRegisterFeature"/>
  <testcase name="testCaptchaImageWithEmpty" time="1.747" classname="tests.TestRegisterFeature"/>
</testsuite> <!-- tests.TestRegisterFeature -->
